ERROR:root:FIXME: Unimplemented - put('list', 'A sequence of things = created using []')
ERROR:root:FIXME: Unimplemented - get('list')
ERROR:root:FIXME: Unimplemented - put('list', 'A sequence of things = created using []')
ERROR:root:FIXME: Unimplemented - get('list')
ERROR:root:FIXME: Unimplemented - put('list', 'A sequence of things = created using []')
ERROR:root:FIXME: Unimplemented - get('list')
ERROR:root:FIXME: Unimplemented - put('list', 'A sequence of things = created using []')
ERROR:root:FIXME: Unimplemented - get('list')
ERROR:root:FIXME: Unimplemented - put('dict', 'A dictionary of things = created using dict()')
ERROR:root:FIXME: Unimplemented - get('dict')
ERROR:root:FIXME: Unimplemented - put('list', 'A sequence of things = created using []')
ERROR:root:FIXME: Unimplemented - get('list')
ERROR:root:FIXME: Unimplemented - put('dict', 'A dictionary of things = created using dict()')
ERROR:root:FIXME: Unimplemented - get('dict')
ERROR:root:FIXME: Unimplemented - put('list', 'A sequence of things = created using []')
ERROR:root:FIXME: Unimplemented - get('list')
ERROR:root:FIXME: Unimplemented - put('list', 'A sequence of things = created using []')
ERROR:root:FIXME: Unimplemented - get('list')
ERROR:root:FIXME: Unimplemented - put('list', 'A sequence of things = created using []')
ERROR:root:FIXME: Unimplemented - get('list')
ERROR:root:FIXME: Nodata - put('list', 'A sequence of things = created using []')
ERROR:root:FIXME: Unimplemented - get('list')
ERROR:root:FIXME: Nodata - put('list', 'A sequence of things = created using []')
ERROR:root:FIXME: Unimplemented - get('list')
DEBUG:root:Debug message for the log file
INFO:root:Info message for the log file
WARNING:root:Warning message for the log file
ERROR:root:FIXME: Nodata - put('list', 'A sequence of things = created using []')
ERROR:root:FIXME: Unimplemented - get('list')
DEBUG:root:Debug message for the log file
INFO:root:Info message for the log file
WARNING:root:Warning message for the log file
ERROR:root:FIXME: Unimplemented - put('list', 'A sequence of things = created using []')
ERROR:root:FIXME: Unimplemented - get('list')
